<?xml version="1.0" encoding="UTF-8"?>
<!-- Generated by org.testng.reporters.JUnitReportReporter -->
<testsuite hostname="DESKTOP-RV69KVH" failures="0" tests="4" name="testCases.TC_FakerrestAPI" time="8.323" errors="0" timestamp="2024-04-09T12:00:11 IST" skipped="0">
  <testcase classname="testCases.TC_FakerrestAPI" name="getTest" time="4.699"/>
  <system-out/>
  <testcase classname="testCases.TC_FakerrestAPI" name="postTest" time="2.320"/>
  <system-out/>
  <testcase classname="testCases.TC_FakerrestAPI" name="putTest" time="0.722"/>
  <system-out/>
  <testcase classname="testCases.TC_FakerrestAPI" name="deleteTest" time="0.582"/>
  <system-out/>
</testsuite> <!-- testCases.TC_FakerrestAPI -->
